<?xml version="1.0" encoding="utf-8"?><testsuites name="pytest tests"><testsuite name="pytest" errors="0" failures="0" skipped="0" tests="347" time="265.809" timestamp="2026-08-10T11:36:25.670806+08:00" hostname="DESKTOP-DRA2O81"><testcase classname="tests.test_audit_card_acceptance_objective_interventions" name="test_prior_audit_trust_root_accepts_exact_bytes_and_rejects_drift" file="tests\test_audit_card_acceptance_objective_interventions.py" line="201" time="0.008" /><testcase classname="tests.test_audit_card_acceptance_objective_interventions" name="test_pushed_source_binds_every_reused_helper" file="tests\test_audit_card_acceptance_objective_interventions.py" line="213" time="0.138" /><testcase classname="tests.test_audit_card_acceptance_objective_interventions" name="test_repository_build_holds_inactive_lease_during_analysis" file="tests\test_audit_card_acceptance_objective_interventions.py" line="240" time="0.021" /><testcase classname="tests.test_audit_card_acceptance_objective_interventions" name="test_repository_build_rejects_noninactive_execution_lease[execution lease owner is still alive]" file="tests\test_audit_card_acceptance_objective_interventions.py" line="326" time="0.002" /><testcase classname="tests.test_audit_card_acceptance_objective_interventions" name="test_repository_build_rejects_noninactive_execution_lease[execution lease owner liveness is ambiguous]" file="tests\test_audit_card_acceptance_objective_interventions.py" line="326" time="0.002" /><testcase classname="tests.test_audit_card_acceptance_objective_interventions" name="test_recorded_gradient_decode_reconstructs_and_clips" file="tests\test_audit_card_acceptance_objective_interventions.py" line="358" time="0.002" /><testcase classname="tests.test_audit_card_acceptance_objective_interventions" name="test_recorded_gradient_decode_rejects_malformed_evidence[component_order-component order]" file="tests\test_audit_card_acceptance_objective_interventions.py" line="365" time="0.001" /><testcase classname="tests.test_audit_card_acceptance_objective_interventions" name="test_recorded_gradient_decode_rejects_malformed_evidence[component_digest-digest]" file="tests\test_audit_card_acceptance_objective_interventions.py" line="365" time="0.002" /><testcase classname="tests.test_audit_card_acceptance_objective_interventions" name="test_recorded_gradient_decode_rejects_malformed_evidence[full-reconstruct]" file="tests\test_audit_card_acceptance_objective_interventions.py" line="365" time="0.001" /><testcase classname="tests.test_audit_card_acceptance_objective_interventions" name="test_recorded_gradient_decode_rejects_malformed_evidence[clip-clipping]" file="tests\test_audit_card_acceptance_objective_interventions.py" line="365" time="0.002" /><testcase classname="tests.test_audit_card_acceptance_objective_interventions" name="test_conflict_guard_removes_only_opposing_family_component" file="tests\test_audit_card_acceptance_objective_interventions.py" line="392" time="0.001" /><testcase classname="tests.test_audit_card_acceptance_objective_interventions" name="test_non_conflicting_guard_is_byte_identical" file="tests\test_audit_card_acceptance_objective_interventions.py" line="404" time="0.001" /><testcase classname="tests.test_audit_card_acceptance_objective_interventions" name="test_family_policy_ablation_removes_exact_family_vector" file="tests\test_audit_card_acceptance_objective_interventions.py" line="414" time="0.001" /><testcase classname="tests.test_audit_card_acceptance_objective_interventions" name="test_counterfactual_clipping_uses_frozen_norm_rule" file="tests\test_audit_card_acceptance_objective_interventions.py" line="422" time="0.001" /><testcase classname="tests.test_audit_card_acceptance_objective_interventions" name="test_zero_conditional_norm_is_unsupported_without_projection" file="tests\test_audit_card_acceptance_objective_interventions.py" line="449" time="0.001" /><testcase classname="tests.test_audit_card_acceptance_objective_interventions" name="test_fixed_verdicts_and_chunk_identity" file="tests\test_audit_card_acceptance_objective_interventions.py" line="457" time="0.001" /><testcase classname="tests.test_audit_card_acceptance_objective_interventions" name="test_independent_acceptance_translation_preserves_conditionals" file="tests\test_audit_card_acceptance_objective_interventions.py" line="486" time="0.001" /><testcase classname="tests.test_audit_card_acceptance_objective_interventions" name="test_independent_conditional_perturbation_preserves_family_mass" file="tests\test_audit_card_acceptance_objective_interventions.py" line="507" time="0.001" /><testcase classname="tests.test_audit_card_acceptance_objective_interventions" name="test_one_family_fallback_has_inactive_acceptance" file="tests\test_audit_card_acceptance_objective_interventions.py" line="527" time="0.001" /><testcase classname="tests.test_audit_card_acceptance_objective_interventions" name="test_max_pooled_control_couples_and_preserves_ties" file="tests\test_audit_card_acceptance_objective_interventions.py" line="535" time="0.001" /><testcase classname="tests.test_audit_card_acceptance_objective_interventions" name="test_synthetic_extremes_remain_finite" file="tests\test_audit_card_acceptance_objective_interventions.py" line="559" time="0.001" /><testcase classname="tests.test_audit_card_acceptance_objective_interventions" name="test_analytical_softmax_direction_matches_finite_difference" file="tests\test_audit_card_acceptance_objective_interventions.py" line="571" time="0.001" /><testcase classname="tests.test_audit_card_acceptance_objective_interventions" name="test_independent_distribution_rejects_malformed_inputs[family0-conditional0-nonempty]" file="tests\test_audit_card_acceptance_objective_interventions.py" line="579" time="0.002" /><testcase classname="tests.test_audit_card_acceptance_objective_interventions" name="test_independent_distribution_rejects_malformed_inputs[family1-conditional1-finite]" file="tests\test_audit_card_acceptance_objective_interventions.py" line="579" time="0.002" /><testcase classname="tests.test_audit_card_acceptance_objective_interventions" name="test_independent_distribution_rejects_malformed_inputs[family2-conditional2-coverage]" file="tests\test_audit_card_acceptance_objective_interventions.py" line="579" time="0.002" /><testcase classname="tests.test_audit_card_acceptance_objective_interventions" name="test_independent_distribution_rejects_malformed_inputs[family3-conditional3-nonempty]" file="tests\test_audit_card_acceptance_objective_interventions.py" line="579" time="0.002" /><testcase classname="tests.test_audit_card_acceptance_objective_interventions" name="test_authority_scope_and_synthetic_contracts_are_bounded" file="tests\test_audit_card_acceptance_objective_interventions.py" line="597" time="0.002" /><testcase classname="tests.test_audit_card_acceptance_objective_interventions" name="test_publication_is_deterministic_bounded_and_vector_free" file="tests\test_audit_card_acceptance_objective_interventions.py" line="607" time="0.145" /><testcase classname="tests.test_audit_card_acceptance_objective_interventions" name="test_publication_is_deterministic_across_isolated_processes" file="tests\test_audit_card_acceptance_objective_interventions.py" line="629" time="0.640" /><testcase classname="tests.test_audit_card_acceptance_objective_interventions" name="test_report_construction_is_deterministic_across_isolated_processes" file="tests\test_audit_card_acceptance_objective_interventions.py" line="657" time="0.698" /><testcase classname="tests.test_audit_card_acceptance_objective_interventions" name="test_publication_rejects_missing_or_true_authority" file="tests\test_audit_card_acceptance_objective_interventions.py" line="729" time="0.034" /><testcase classname="tests.test_audit_card_acceptance_objective_interventions" name="test_publication_rejects_raw_vectors_and_size_overflow" file="tests\test_audit_card_acceptance_objective_interventions.py" line="751" time="0.027" /><testcase classname="tests.test_audit_card_acceptance_objective_interventions" name="test_publication_refuses_existing_or_consumed_output" file="tests\test_audit_card_acceptance_objective_interventions.py" line="765" time="0.047" /><testcase classname="tests.test_audit_card_acceptance_objective_interventions" name="test_existing_modules_do_not_load_objective_intervention_audit" file="tests\test_audit_card_acceptance_objective_interventions.py" line="778" time="5.087" /><testcase classname="tests.test_audit_card_acceptance_objective_interventions" name="test_objective_intervention_import_defers_bound_helpers" file="tests\test_audit_card_acceptance_objective_interventions.py" line="801" time="0.197" /><testcase classname="tests.test_audit_card_acceptance_objective_interventions" name="test_audit_import_remains_source_only" file="tests\test_audit_card_acceptance_objective_interventions.py" line="820" time="0.186" /><testcase classname="tests.test_audit_card_acceptance_objective_interventions" name="test_cli_publishes_mocked_report" file="tests\test_audit_card_acceptance_objective_interventions.py" line="838" time="0.024" /><testcase classname="tests.test_audit_card_acceptance_objective_interventions" name="test_cli_failure_leaves_no_partial_output" file="tests\test_audit_card_acceptance_objective_interventions.py" line="859" time="0.006" /><testcase classname="tests.test_noncombat_card_acceptance_empirical_successor_control" name="test_control_and_verifier_import_without_runtime_torch_native_or_consumed_runner" file="tests\test_noncombat_card_acceptance_empirical_successor_control.py" line="50" time="0.294" /><testcase classname="tests.test_noncombat_card_acceptance_empirical_successor_control" name="test_verifier_import_does_not_import_producer_runtime_seed_or_torch" file="tests\test_noncombat_card_acceptance_empirical_successor_control.py" line="86" time="0.242" /><testcase classname="tests.test_noncombat_card_acceptance_empirical_successor_control" name="test_control_contract_and_metadata_are_fixed_and_caller_mutation_safe" file="tests\test_noncombat_card_acceptance_empirical_successor_control.py" line="118" time="0.001" /><testcase classname="tests.test_noncombat_card_acceptance_empirical_successor_control" name="test_contract_cli_is_canonical_and_repeatable_in_fresh_processes" file="tests\test_noncombat_card_acceptance_empirical_successor_control.py" line="184" time="0.445" /><testcase classname="tests.test_noncombat_card_acceptance_empirical_successor_control" name="test_verifier_contract_is_independent_and_keeps_all_empirical_authority_false" file="tests\test_noncombat_card_acceptance_empirical_successor_control.py" line="203" time="0.004" /><testcase classname="tests.test_noncombat_card_acceptance_empirical_successor_control" name="test_source_inventory_binds_closed_modules_and_transitive_dependencies" file="tests\test_noncombat_card_acceptance_empirical_successor_control.py" line="217" time="0.292" /><testcase classname="tests.test_noncombat_card_acceptance_empirical_successor_control" name="test_reviewed_consumed_evidence_manifest_reobserves_current_repository" file="tests\test_noncombat_card_acceptance_empirical_successor_control.py" line="502" time="1.724" /><testcase classname="tests.test_noncombat_card_acceptance_empirical_successor_control" name="test_consumed_evidence_preservation_accepts_exact_synthetic_fixture" file="tests\test_noncombat_card_acceptance_empirical_successor_control.py" line="529" time="2.004" /><testcase classname="tests.test_noncombat_card_acceptance_empirical_successor_control" name="test_consumed_evidence_preservation_requires_reviewed_git_publication" file="tests\test_noncombat_card_acceptance_empirical_successor_control.py" line="543" time="1.453" /><testcase classname="tests.test_noncombat_card_acceptance_empirical_successor_control" name="test_consumed_evidence_preservation_rejects_closed_mutation_matrix[changed-source.*mismatch]" file="tests\test_noncombat_card_acceptance_empirical_successor_control.py" line="554" time="1.686" /><testcase classname="tests.test_noncombat_card_acceptance_empirical_successor_control" name="test_consumed_evidence_preservation_rejects_closed_mutation_matrix[missing-missing]" file="tests\test_noncombat_card_acceptance_empirical_successor_control.py" line="554" time="1.908" /><testcase classname="tests.test_noncombat_card_acceptance_empirical_successor_control" name="test_consumed_evidence_preservation_rejects_closed_mutation_matrix[extra-artifact root.*mismatch]" file="tests\test_noncombat_card_acceptance_empirical_successor_control.py" line="554" time="1.701" /><testcase classname="tests.test_noncombat_card_acceptance_empirical_successor_control" name="test_consumed_evidence_preservation_rejects_closed_mutation_matrix[reordered-closed source]" file="tests\test_noncombat_card_acceptance_empirical_successor_control.py" line="554" time="2.332" /><testcase classname="tests.test_noncombat_card_acceptance_empirical_successor_control" name="test_consumed_evidence_preservation_rejects_closed_mutation_matrix[successor_import-imports successor]" file="tests\test_noncombat_card_acceptance_empirical_successor_control.py" line="554" time="2.276" /><testcase classname="tests.test_noncombat_card_acceptance_empirical_successor_control" name="test_consumed_evidence_preservation_rejects_closed_mutation_matrix[successor_dynamic_import-imports successor]" file="tests\test_noncombat_card_acceptance_empirical_successor_control.py" line="554" time="2.206" /><testcase classname="tests.test_noncombat_card_acceptance_empirical_successor_control" name="test_consumed_evidence_preservation_rejects_closed_mutation_matrix[successor_nested_dynamic_import-imports successor]" file="tests\test_noncombat_card_acceptance_empirical_successor_control.py" line="554" time="2.282" /><testcase classname="tests.test_noncombat_card_acceptance_empirical_successor_control" name="test_consumed_evidence_preservation_rejects_closed_mutation_matrix[successor_getattr_dynamic_import-imports successor]" file="tests\test_noncombat_card_acceptance_empirical_successor_control.py" line="554" time="2.186" /><testcase classname="tests.test_noncombat_card_acceptance_empirical_successor_control" name="test_consumed_evidence_preservation_rejects_closed_mutation_matrix[successor_getattr_alias_dynamic_import-imports successor]" file="tests\test_noncombat_card_acceptance_empirical_successor_control.py" line="554" time="2.246" /><testcase classname="tests.test_noncombat_card_acceptance_empirical_successor_control" name="test_consumed_evidence_preservation_rejects_closed_mutation_matrix[successor_importlib_module_alias-imports successor]" file="tests\test_noncombat_card_acceptance_empirical_successor_control.py" line="554" time="2.193" /><testcase classname="tests.test_noncombat_card_acceptance_empirical_successor_control" name="test_experiment_configuration_identity_binds_canonical_contract" file="tests\test_noncombat_card_acceptance_empirical_successor_control.py" line="663" time="0.002" /><testcase classname="tests.test_noncombat_card_acceptance_empirical_successor_control" name="test_native_config_and_checkpoint_bindings_are_inert" file="tests\test_noncombat_card_acceptance_empirical_successor_control.py" line="680" time="0.094" /><testcase classname="tests.test_noncombat_card_acceptance_empirical_successor_control" name="test_runtime_import_is_explicitly_deferred" file="tests\test_noncombat_card_acceptance_empirical_successor_control.py" line="729" time="0.001" /><testcase classname="tests.test_noncombat_card_acceptance_empirical_successor_control" name="test_stage_requests_have_exact_disjoint_authority_and_resource_maps" file="tests\test_noncombat_card_acceptance_empirical_successor_control.py" line="774" time="0.005" /><testcase classname="tests.test_noncombat_card_acceptance_empirical_successor_control" name="test_stage_request_validation_rejects_cross_stage_or_authority_mutation" file="tests\test_noncombat_card_acceptance_empirical_successor_control.py" line="841" time="0.002" /><testcase classname="tests.test_noncombat_card_acceptance_empirical_successor_control" name="test_stage_authorization_binds_exact_reviewed_request_and_approval_record" file="tests\test_noncombat_card_acceptance_empirical_successor_control.py" line="862" time="0.004" /><testcase classname="tests.test_noncombat_card_acceptance_empirical_successor_control" name="test_request_and_authorization_cli_render_and_validate_canonical_bytes" file="tests\test_noncombat_card_acceptance_empirical_successor_control.py" line="892" time="0.090" /><testcase classname="tests.test_noncombat_card_acceptance_empirical_successor_control" name="test_private_execution_context_validates_once_and_owns_immutable_values" file="tests\test_noncombat_card_acceptance_empirical_successor_control.py" line="952" time="0.003" /><testcase classname="tests.test_noncombat_card_acceptance_empirical_successor_control" name="test_execution_context_rejects_rewrap_and_registration_binding_mismatch" file="tests\test_noncombat_card_acceptance_empirical_successor_control.py" line="1032" time="0.003" /><testcase classname="tests.test_noncombat_card_acceptance_empirical_successor_control" name="test_execution_lease_binds_live_child_and_requires_dead_owner_recovery" file="tests\test_noncombat_card_acceptance_empirical_successor_control.py" line="1105" time="0.054" /><testcase classname="tests.test_noncombat_card_acceptance_empirical_successor_control" name="test_journal_is_write_ahead_resources_are_monotonic_and_markers_write_once" file="tests\test_noncombat_card_acceptance_empirical_successor_control.py" line="1151" time="0.272" /><testcase classname="tests.test_noncombat_card_acceptance_empirical_successor_control" name="test_pre_seed_setup_can_reopen_repeatedly_under_same_identity" file="tests\test_noncombat_card_acceptance_empirical_successor_control.py" line="1281" time="0.059" /><testcase classname="tests.test_noncombat_card_acceptance_empirical_successor_control" name="test_only_one_complete_checkpoint_training_continuation_is_authorized" file="tests\test_noncombat_card_acceptance_empirical_successor_control.py" line="1301" time="3.783" /><testcase classname="tests.test_noncombat_card_acceptance_empirical_successor_control" name="test_partial_chunk_and_post_canary_reopen_fail_closed" file="tests\test_noncombat_card_acceptance_empirical_successor_control.py" line="1346" time="0.167" /><testcase classname="tests.test_noncombat_card_acceptance_empirical_successor_control" name="test_artifact_terminal_intent_terminal_and_manifest_close_in_order" file="tests\test_noncombat_card_acceptance_empirical_successor_control.py" line="1385" time="0.229" /><testcase classname="tests.test_noncombat_card_acceptance_empirical_successor_control" name="test_terminal_publication_rejects_incomplete_order_and_prefix_drift" file="tests\test_noncombat_card_acceptance_empirical_successor_control.py" line="1455" time="0.177" /><testcase classname="tests.test_noncombat_card_acceptance_empirical_successor_control" name="test_existing_drift_and_ambiguous_staging_fail_without_repair" file="tests\test_noncombat_card_acceptance_empirical_successor_control.py" line="1503" time="0.124" /><testcase classname="tests.test_noncombat_card_acceptance_empirical_successor_control" name="test_float64_evidence_is_deterministic_little_endian_gzip_metadata_only" file="tests\test_noncombat_card_acceptance_empirical_successor_control.py" line="1555" time="0.004" /><testcase classname="tests.test_noncombat_card_acceptance_empirical_successor_control" name="test_float64_evidence_rejects_invalid_geometry_and_values[rows0-rectangular]" file="tests\test_noncombat_card_acceptance_empirical_successor_control.py" line="1594" time="0.002" /><testcase classname="tests.test_noncombat_card_acceptance_empirical_successor_control" name="test_float64_evidence_rejects_invalid_geometry_and_values[rows1-finite]" file="tests\test_noncombat_card_acceptance_empirical_successor_control.py" line="1594" time="0.001" /><testcase classname="tests.test_noncombat_card_acceptance_empirical_successor_control" name="test_float64_evidence_rejects_invalid_geometry_and_values[rows2-column]" file="tests\test_noncombat_card_acceptance_empirical_successor_control.py" line="1594" time="0.001" /><testcase classname="tests.test_noncombat_card_acceptance_empirical_successor_control" name="test_complete_resource_and_evidence_budget_accepts_exact_ceilings" file="tests\test_noncombat_card_acceptance_empirical_successor_control.py" line="1641" time="0.002" /><testcase classname="tests.test_noncombat_card_acceptance_empirical_successor_control" name="test_resource_and_evidence_budget_rejects_each_ceiling_plus_one[artifact-artifact]" file="tests\test_noncombat_card_acceptance_empirical_successor_control.py" line="1656" time="0.002" /><testcase classname="tests.test_noncombat_card_acceptance_empirical_successor_control" name="test_resource_and_evidence_budget_rejects_each_ceiling_plus_one[stored-stored]" file="tests\test_noncombat_card_acceptance_empirical_successor_control.py" line="1656" time="0.003" /><testcase classname="tests.test_noncombat_card_acceptance_empirical_successor_control" name="test_resource_and_evidence_budget_rejects_each_ceiling_plus_one[uncompressed-uncompressed]" file="tests\test_noncombat_card_acceptance_empirical_successor_control.py" line="1656" time="0.002" /><testcase classname="tests.test_noncombat_card_acceptance_empirical_successor_control" name="test_resource_and_evidence_budget_rejects_each_ceiling_plus_one[decision-decision]" file="tests\test_noncombat_card_acceptance_empirical_successor_control.py" line="1656" time="0.002" /><testcase classname="tests.test_noncombat_card_acceptance_empirical_successor_control" name="test_resource_and_evidence_budget_rejects_each_ceiling_plus_one[training_access-training environment]" file="tests\test_noncombat_card_acceptance_empirical_successor_control.py" line="1656" time="0.002" /><testcase classname="tests.test_noncombat_card_acceptance_empirical_successor_control" name="test_resource_and_evidence_budget_rejects_each_ceiling_plus_one[canary_access-canary environment]" file="tests\test_noncombat_card_acceptance_empirical_successor_control.py" line="1656" time="0.002" /><testcase classname="tests.test_noncombat_card_acceptance_empirical_successor_control" name="test_resource_and_evidence_budget_rejects_each_ceiling_plus_one[holdout_access-holdout environment]" file="tests\test_noncombat_card_acceptance_empirical_successor_control.py" line="1656" time="0.002" /><testcase classname="tests.test_noncombat_card_acceptance_empirical_successor_control" name="test_resource_and_evidence_budget_rejects_each_ceiling_plus_one[candidate_update-candidate optimizer]" file="tests\test_noncombat_card_acceptance_empirical_successor_control.py" line="1656" time="0.001" /><testcase classname="tests.test_noncombat_card_acceptance_empirical_successor_control" name="test_resource_and_evidence_budget_rejects_each_ceiling_plus_one[control_update-control optimizer]" file="tests\test_noncombat_card_acceptance_empirical_successor_control.py" line="1656" time="0.002" /><testcase classname="tests.test_noncombat_card_acceptance_empirical_successor_control" name="test_resource_and_evidence_budget_rejects_each_ceiling_plus_one[shadow_update-shadow optimizer]" file="tests\test_noncombat_card_acceptance_empirical_successor_control.py" line="1656" time="0.003" /><testcase classname="tests.test_noncombat_card_acceptance_empirical_successor_control" name="test_resource_and_evidence_budget_rejects_each_ceiling_plus_one[charged_seconds-charged seconds]" file="tests\test_noncombat_card_acceptance_empirical_successor_control.py" line="1656" time="0.002" /><testcase classname="tests.test_noncombat_card_acceptance_empirical_successor_control" name="test_managed_artifact_byte_bounds_fail_before_publication" file="tests\test_noncombat_card_acceptance_empirical_successor_control.py" line="1721" time="0.043" /><testcase classname="tests.test_noncombat_card_acceptance_empirical_successor_control" name="test_environment_access_ceiling_fails_before_debit_and_callback" file="tests\test_noncombat_card_acceptance_empirical_successor_control.py" line="1766" time="0.057" /><testcase classname="tests.test_noncombat_card_acceptance_empirical_successor_control" name="test_checkpoint_republication_rejects_ambiguous_staging" file="tests\test_noncombat_card_acceptance_empirical_successor_control.py" line="1813" time="3.374" /><testcase classname="tests.test_noncombat_card_acceptance_empirical_successor_control" name="test_every_registered_failure_path_maps_to_one_rollback_trigger[grant_failure-authority]" file="tests\test_noncombat_card_acceptance_empirical_successor_control.py" line="1935" time="0.002" /><testcase classname="tests.test_noncombat_card_acceptance_empirical_successor_control" name="test_every_registered_failure_path_maps_to_one_rollback_trigger[revocation_failure-authority]" file="tests\test_noncombat_card_acceptance_empirical_successor_control.py" line="1935" time="0.001" /><testcase classname="tests.test_noncombat_card_acceptance_empirical_successor_control" name="test_every_registered_failure_path_maps_to_one_rollback_trigger[approval_failure-authority]" file="tests\test_noncombat_card_acceptance_empirical_successor_control.py" line="1935" time="0.001" /><testcase classname="tests.test_noncombat_card_acceptance_empirical_successor_control" name="test_every_registered_failure_path_maps_to_one_rollback_trigger[authorization_failure-authority]" file="tests\test_noncombat_card_acceptance_empirical_successor_control.py" line="1935" time="0.001" /><testcase classname="tests.test_noncombat_card_acceptance_empirical_successor_control" name="test_every_registered_failure_path_maps_to_one_rollback_trigger[stage_authority_failure-authority]" file="tests\test_noncombat_card_acceptance_empirical_successor_control.py" line="1935" time="0.001" /><testcase classname="tests.test_noncombat_card_acceptance_empirical_successor_control" name="test_every_registered_failure_path_maps_to_one_rollback_trigger[source_identity_failure-identity]" file="tests\test_noncombat_card_acceptance_empirical_successor_control.py" line="1935" time="0.001" /><testcase classname="tests.test_noncombat_card_acceptance_empirical_successor_control" name="test_every_registered_failure_path_maps_to_one_rollback_trigger[checkpoint_identity_failure-identity]" file="tests\test_noncombat_card_acceptance_empirical_successor_control.py" line="1935" time="0.001" /><testcase classname="tests.test_noncombat_card_acceptance_empirical_successor_control" name="test_every_registered_failure_path_maps_to_one_rollback_trigger[config_identity_failure-identity]" file="tests\test_noncombat_card_acceptance_empirical_successor_control.py" line="1935" time="0.001" /><testcase classname="tests.test_noncombat_card_acceptance_empirical_successor_control" name="test_every_registered_failure_path_maps_to_one_rollback_trigger[cohort_identity_failure-identity]" file="tests\test_noncombat_card_acceptance_empirical_successor_control.py" line="1935" time="0.001" /><testcase classname="tests.test_noncombat_card_acceptance_empirical_successor_control" name="test_every_registered_failure_path_maps_to_one_rollback_trigger[target_identity_failure-identity]" file="tests\test_noncombat_card_acceptance_empirical_successor_control.py" line="1935" time="0.001" /><testcase classname="tests.test_noncombat_card_acceptance_empirical_successor_control" name="test_every_registered_failure_path_maps_to_one_rollback_trigger[production_identity_failure-identity]" file="tests\test_noncombat_card_acceptance_empirical_successor_control.py" line="1935" time="0.001" /><testcase classname="tests.test_noncombat_card_acceptance_empirical_successor_control" name="test_every_registered_failure_path_maps_to_one_rollback_trigger[child_identity_failure-identity]" file="tests\test_noncombat_card_acceptance_empirical_successor_control.py" line="1935" time="0.001" /><testcase classname="tests.test_noncombat_card_acceptance_empirical_successor_control" name="test_every_registered_failure_path_maps_to_one_rollback_trigger[process_identity_failure-identity]" file="tests\test_noncombat_card_acceptance_empirical_successor_control.py" line="1935" time="0.001" /><testcase classname="tests.test_noncombat_card_acceptance_empirical_successor_control" name="test_every_registered_failure_path_maps_to_one_rollback_trigger[lease_identity_failure-identity]" file="tests\test_noncombat_card_acceptance_empirical_successor_control.py" line="1935" time="0.001" /><testcase classname="tests.test_noncombat_card_acceptance_empirical_successor_control" name="test_every_registered_failure_path_maps_to_one_rollback_trigger[candidate_legality_failure-legality]" file="tests\test_noncombat_card_acceptance_empirical_successor_control.py" line="1935" time="0.002" /><testcase classname="tests.test_noncombat_card_acceptance_empirical_successor_control" name="test_every_registered_failure_path_maps_to_one_rollback_trigger[action_legality_failure-legality]" file="tests\test_noncombat_card_acceptance_empirical_successor_control.py" line="1935" time="0.001" /><testcase classname="tests.test_noncombat_card_acceptance_empirical_successor_control" name="test_every_registered_failure_path_maps_to_one_rollback_trigger[schema_failure-legality]" file="tests\test_noncombat_card_acceptance_empirical_successor_control.py" line="1935" time="0.001" /><testcase classname="tests.test_noncombat_card_acceptance_empirical_successor_control" name="test_every_registered_failure_path_maps_to_one_rollback_trigger[finiteness_failure-legality]" file="tests\test_noncombat_card_acceptance_empirical_successor_control.py" line="1935" time="0.001" /><testcase classname="tests.test_noncombat_card_acceptance_empirical_successor_control" name="test_every_registered_failure_path_maps_to_one_rollback_trigger[objective_support_failure-legality]" file="tests\test_noncombat_card_acceptance_empirical_successor_control.py" line="1935" time="0.001" /><testcase classname="tests.test_noncombat_card_acceptance_empirical_successor_control" name="test_every_registered_failure_path_maps_to_one_rollback_trigger[zero_card_reward_chunk-legality]" file="tests\test_noncombat_card_acceptance_empirical_successor_control.py" line="1935" time="0.001" /><testcase classname="tests.test_noncombat_card_acceptance_empirical_successor_control" name="test_every_registered_failure_path_maps_to_one_rollback_trigger[interpreter_preflight_failure-preflight]" file="tests\test_noncombat_card_acceptance_empirical_successor_control.py" line="1935" time="0.001" /><testcase classname="tests.test_noncombat_card_acceptance_empirical_successor_control" name="test_every_registered_failure_path_maps_to_one_rollback_trigger[native_preflight_failure-preflight]" file="tests\test_noncombat_card_acceptance_empirical_successor_control.py" line="1935" time="0.001" /><testcase classname="tests.test_noncombat_card_acceptance_empirical_successor_control" name="test_every_registered_failure_path_maps_to_one_rollback_trigger[isolation_preflight_failure-preflight]" file="tests\test_noncombat_card_acceptance_empirical_successor_control.py" line="1935" time="0.001" /><testcase classname="tests.test_noncombat_card_acceptance_empirical_successor_control" name="test_every_registered_failure_path_maps_to_one_rollback_trigger[output_preflight_failure-preflight]" file="tests\test_noncombat_card_acceptance_empirical_successor_control.py" line="1935" time="0.001" /><testcase classname="tests.test_noncombat_card_acceptance_empirical_successor_control" name="test_every_registered_failure_path_maps_to_one_rollback_trigger[dependency_preflight_failure-preflight]" file="tests\test_noncombat_card_acceptance_empirical_successor_control.py" line="1935" time="0.002" /><testcase classname="tests.test_noncombat_card_acceptance_empirical_successor_control" name="test_every_registered_failure_path_maps_to_one_rollback_trigger[setup_preflight_failure-preflight]" file="tests\test_noncombat_card_acceptance_empirical_successor_control.py" line="1935" time="0.001" /><testcase classname="tests.test_noncombat_card_acceptance_empirical_successor_control" name="test_every_registered_failure_path_maps_to_one_rollback_trigger[training_family_saturation-canary]" file="tests\test_noncombat_card_acceptance_empirical_successor_control.py" line="1935" time="0.001" /><testcase classname="tests.test_noncombat_card_acceptance_empirical_successor_control" name="test_every_registered_failure_path_maps_to_one_rollback_trigger[canary_gate_failure-canary]" file="tests\test_noncombat_card_acceptance_empirical_successor_control.py" line="1935" time="0.001" /><testcase classname="tests.test_noncombat_card_acceptance_empirical_successor_control" name="test_every_registered_failure_path_maps_to_one_rollback_trigger[canary_failure-canary]" file="tests\test_noncombat_card_acceptance_empirical_successor_control.py" line="1935" time="0.001" /><testcase classname="tests.test_noncombat_card_acceptance_empirical_successor_control" name="test_every_registered_failure_path_maps_to_one_rollback_trigger[holdout_gate_failure-holdout]" file="tests\test_noncombat_card_acceptance_empirical_successor_control.py" line="1935" time="0.001" /><testcase classname="tests.test_noncombat_card_acceptance_empirical_successor_control" name="test_every_registered_failure_path_maps_to_one_rollback_trigger[holdout_access_failure-holdout]" file="tests\test_noncombat_card_acceptance_empirical_successor_control.py" line="1935" time="0.002" /><testcase classname="tests.test_noncombat_card_acceptance_empirical_successor_control" name="test_every_registered_failure_path_maps_to_one_rollback_trigger[holdout_evaluation_failure-holdout]" file="tests\test_noncombat_card_acceptance_empirical_successor_control.py" line="1935" time="0.001" /><testcase classname="tests.test_noncombat_card_acceptance_empirical_successor_control" name="test_every_registered_failure_path_maps_to_one_rollback_trigger[holdout_classification_failure-holdout]" file="tests\test_noncombat_card_acceptance_empirical_successor_control.py" line="1935" time="0.001" /><testcase classname="tests.test_noncombat_card_acceptance_empirical_successor_control" name="test_every_registered_failure_path_maps_to_one_rollback_trigger[resource_accounting_failure-publication]" file="tests\test_noncombat_card_acceptance_empirical_successor_control.py" line="1935" time="0.001" /><testcase classname="tests.test_noncombat_card_acceptance_empirical_successor_control" name="test_every_registered_failure_path_maps_to_one_rollback_trigger[time_accounting_failure-publication]" file="tests\test_noncombat_card_acceptance_empirical_successor_control.py" line="1935" time="0.001" /><testcase classname="tests.test_noncombat_card_acceptance_empirical_successor_control" name="test_every_registered_failure_path_maps_to_one_rollback_trigger[access_accounting_failure-publication]" file="tests\test_noncombat_card_acceptance_empirical_successor_control.py" line="1935" time="0.001" /><testcase classname="tests.test_noncombat_card_acceptance_empirical_successor_control" name="test_every_registered_failure_path_maps_to_one_rollback_trigger[partial_chunk_failure-publication]" file="tests\test_noncombat_card_acceptance_empirical_successor_control.py" line="1935" time="0.001" /><testcase classname="tests.test_noncombat_card_acceptance_empirical_successor_control" name="test_every_registered_failure_path_maps_to_one_rollback_trigger[journal_failure-publication]" file="tests\test_noncombat_card_acceptance_empirical_successor_control.py" line="1935" time="0.001" /><testcase classname="tests.test_noncombat_card_acceptance_empirical_successor_control" name="test_every_registered_failure_path_maps_to_one_rollback_trigger[evidence_failure-publication]" file="tests\test_noncombat_card_acceptance_empirical_successor_control.py" line="1935" time="0.001" /><testcase classname="tests.test_noncombat_card_acceptance_empirical_successor_control" name="test_every_registered_failure_path_maps_to_one_rollback_trigger[byte_bound_failure-publication]" file="tests\test_noncombat_card_acceptance_empirical_successor_control.py" line="1935" time="0.002" /><testcase classname="tests.test_noncombat_card_acceptance_empirical_successor_control" name="test_every_registered_failure_path_maps_to_one_rollback_trigger[staging_failure-publication]" file="tests\test_noncombat_card_acceptance_empirical_successor_control.py" line="1935" time="0.001" /><testcase classname="tests.test_noncombat_card_acceptance_empirical_successor_control" name="test_every_registered_failure_path_maps_to_one_rollback_trigger[checkpoint_publication_failure-publication]" file="tests\test_noncombat_card_acceptance_empirical_successor_control.py" line="1935" time="0.001" /><testcase classname="tests.test_noncombat_card_acceptance_empirical_successor_control" name="test_every_registered_failure_path_maps_to_one_rollback_trigger[terminal_publication_failure-publication]" file="tests\test_noncombat_card_acceptance_empirical_successor_control.py" line="1935" time="0.001" /><testcase classname="tests.test_noncombat_card_acceptance_empirical_successor_control" name="test_every_registered_failure_path_maps_to_one_rollback_trigger[manifest_publication_failure-publication]" file="tests\test_noncombat_card_acceptance_empirical_successor_control.py" line="1935" time="0.001" /><testcase classname="tests.test_noncombat_card_acceptance_empirical_successor_control" name="test_rollback_failure_mapping_uses_fixed_precedence_and_canonical_order" file="tests\test_noncombat_card_acceptance_empirical_successor_control.py" line="1956" time="0.001" /><testcase classname="tests.test_noncombat_card_acceptance_empirical_successor_control" name="test_rollback_failure_mapping_rejects_empty_unmapped_or_duplicate_paths[failure_paths0]" file="tests\test_noncombat_card_acceptance_empirical_successor_control.py" line="1975" time="0.001" /><testcase classname="tests.test_noncombat_card_acceptance_empirical_successor_control" name="test_rollback_failure_mapping_rejects_empty_unmapped_or_duplicate_paths[failure_paths1]" file="tests\test_noncombat_card_acceptance_empirical_successor_control.py" line="1975" time="0.001" /><testcase classname="tests.test_noncombat_card_acceptance_empirical_successor_control" name="test_rollback_failure_mapping_rejects_empty_unmapped_or_duplicate_paths[failure_paths2]" file="tests\test_noncombat_card_acceptance_empirical_successor_control.py" line="1975" time="0.001" /><testcase classname="tests.test_noncombat_card_acceptance_empirical_successor_control" name="test_complete_holdout_outcomes_are_normal_closeout_without_trigger[victory_and_floor_signal]" file="tests\test_noncombat_card_acceptance_empirical_successor_control.py" line="1992" time="0.001" /><testcase classname="tests.test_noncombat_card_acceptance_empirical_successor_control" name="test_complete_holdout_outcomes_are_normal_closeout_without_trigger[floor_only_signal]" file="tests\test_noncombat_card_acceptance_empirical_successor_control.py" line="1992" time="0.001" /><testcase classname="tests.test_noncombat_card_acceptance_empirical_successor_control" name="test_complete_holdout_outcomes_are_normal_closeout_without_trigger[victory_only_signal]" file="tests\test_noncombat_card_acceptance_empirical_successor_control.py" line="1992" time="0.001" /><testcase classname="tests.test_noncombat_card_acceptance_empirical_successor_control" name="test_complete_holdout_outcomes_are_normal_closeout_without_trigger[no_learning_signal]" file="tests\test_noncombat_card_acceptance_empirical_successor_control.py" line="1992" time="0.001" /><testcase classname="tests.test_noncombat_card_acceptance_empirical_successor_control" name="test_terminal_closeout_rejects_failure_plus_outcome_or_unknown_outcome" file="tests\test_noncombat_card_acceptance_empirical_successor_control.py" line="2017" time="0.001" /><testcase classname="tests.test_noncombat_card_acceptance_empirical_successor_control" name="test_registered_normal_closeout_restores_control_for_every_holdout_outcome[victory_and_floor_signal]" file="tests\test_noncombat_card_acceptance_empirical_successor_control.py" line="2029" time="0.177" /><testcase classname="tests.test_noncombat_card_acceptance_empirical_successor_control" name="test_registered_normal_closeout_restores_control_for_every_holdout_outcome[floor_only_signal]" file="tests\test_noncombat_card_acceptance_empirical_successor_control.py" line="2029" time="0.103" /><testcase classname="tests.test_noncombat_card_acceptance_empirical_successor_control" name="test_registered_normal_closeout_restores_control_for_every_holdout_outcome[victory_only_signal]" file="tests\test_noncombat_card_acceptance_empirical_successor_control.py" line="2029" time="0.112" /><testcase classname="tests.test_noncombat_card_acceptance_empirical_successor_control" name="test_registered_normal_closeout_restores_control_for_every_holdout_outcome[no_learning_signal]" file="tests\test_noncombat_card_acceptance_empirical_successor_control.py" line="2029" time="0.106" /><testcase classname="tests.test_noncombat_card_acceptance_empirical_successor_control" name="test_registered_rollback_restores_control_target_and_verifies_isolation" file="tests\test_noncombat_card_acceptance_empirical_successor_control.py" line="2079" time="0.236" /><testcase classname="tests.test_noncombat_card_acceptance_empirical_successor_control" name="test_rollback_records_external_production_drift_without_repair" file="tests\test_noncombat_card_acceptance_empirical_successor_control.py" line="2148" time="0.145" /><testcase classname="tests.test_noncombat_card_acceptance_empirical_successor_control" name="test_rollback_rejects_unregistered_authority_and_ambiguous_target_staging" file="tests\test_noncombat_card_acceptance_empirical_successor_control.py" line="2189" time="0.083" /><testcase classname="tests.test_noncombat_card_acceptance_empirical_successor_control" name="test_standing_delegation_grant_matches_preserved_external_record" file="tests\test_noncombat_card_acceptance_empirical_successor_control.py" line="2259" time="0.001" /><testcase classname="tests.test_noncombat_card_acceptance_empirical_successor_control" name="test_standing_delegation_binds_exact_stage_and_fresh_launch_observation[inventory]" file="tests\test_noncombat_card_acceptance_empirical_successor_control.py" line="2308" time="0.006" /><testcase classname="tests.test_noncombat_card_acceptance_empirical_successor_control" name="test_standing_delegation_binds_exact_stage_and_fresh_launch_observation[training]" file="tests\test_noncombat_card_acceptance_empirical_successor_control.py" line="2308" time="0.007" /><testcase classname="tests.test_noncombat_card_acceptance_empirical_successor_control" name="test_standing_delegation_binds_exact_stage_and_fresh_launch_observation[canary]" file="tests\test_noncombat_card_acceptance_empirical_successor_control.py" line="2308" time="0.008" /><testcase classname="tests.test_noncombat_card_acceptance_empirical_successor_control" name="test_standing_delegation_binds_exact_stage_and_fresh_launch_observation[holdout]" file="tests\test_noncombat_card_acceptance_empirical_successor_control.py" line="2308" time="0.008" /><testcase classname="tests.test_noncombat_card_acceptance_empirical_successor_control" name="test_delegated_approval_rejects_unavailable_or_revoked_conversation_state" file="tests\test_noncombat_card_acceptance_empirical_successor_control.py" line="2381" time="0.003" /><testcase classname="tests.test_noncombat_card_acceptance_empirical_successor_control" name="test_delegated_launch_rejects_revocation_stale_watermark_and_wrong_task" file="tests\test_noncombat_card_acceptance_empirical_successor_control.py" line="2423" time="0.008" /><testcase classname="tests.test_noncombat_card_acceptance_empirical_successor_control" name="test_standing_delegation_rejects_generated_scope_and_grant_tampering" file="tests\test_noncombat_card_acceptance_empirical_successor_control.py" line="2500" time="0.002" /><testcase classname="tests.test_noncombat_card_acceptance_empirical_successor_control" name="test_standing_delegation_rejects_rehashed_grant_substitution[verbatim_text-A different but still nonempty human grant.]" file="tests\test_noncombat_card_acceptance_empirical_successor_control.py" line="2532" time="0.002" /><testcase classname="tests.test_noncombat_card_acceptance_empirical_successor_control" name="test_standing_delegation_rejects_rehashed_grant_substitution[granted_at-2026-08-08T09:46:48Z]" file="tests\test_noncombat_card_acceptance_empirical_successor_control.py" line="2532" time="0.001" /><testcase classname="tests.test_noncombat_card_acceptance_empirical_successor_control" name="test_standing_delegation_rejects_rehashed_grant_substitution[message_id-item-forged]" file="tests\test_noncombat_card_acceptance_empirical_successor_control.py" line="2532" time="0.001" /><testcase classname="tests.test_noncombat_card_acceptance_empirical_successor_control" name="test_standing_delegation_rejects_rehashed_grant_substitution[task_id-task-forged]" file="tests\test_noncombat_card_acceptance_empirical_successor_control.py" line="2532" time="0.002" /><testcase classname="tests.test_noncombat_card_acceptance_empirical_successor_control" name="test_exact_external_human_approval_binds_one_stage_and_fresh_launch[inventory]" file="tests\test_noncombat_card_acceptance_empirical_successor_control.py" line="2617" time="0.011" /><testcase classname="tests.test_noncombat_card_acceptance_empirical_successor_control" name="test_exact_external_human_approval_binds_one_stage_and_fresh_launch[training]" file="tests\test_noncombat_card_acceptance_empirical_successor_control.py" line="2617" time="0.017" /><testcase classname="tests.test_noncombat_card_acceptance_empirical_successor_control" name="test_exact_external_human_approval_binds_one_stage_and_fresh_launch[canary]" file="tests\test_noncombat_card_acceptance_empirical_successor_control.py" line="2617" time="0.011" /><testcase classname="tests.test_noncombat_card_acceptance_empirical_successor_control" name="test_exact_external_human_approval_binds_one_stage_and_fresh_launch[holdout]" file="tests\test_noncombat_card_acceptance_empirical_successor_control.py" line="2617" time="0.011" /><testcase classname="tests.test_noncombat_card_acceptance_empirical_successor_control" name="test_external_human_approval_rejects_generated_inferred_broad_or_predated" file="tests\test_noncombat_card_acceptance_empirical_successor_control.py" line="2696" time="0.003" /><testcase classname="tests.test_noncombat_card_acceptance_empirical_successor_control" name="test_external_approval_rejects_modified_terms_and_missing_conversation_state" file="tests\test_noncombat_card_acceptance_empirical_successor_control.py" line="2778" time="0.005" /><testcase classname="tests.test_noncombat_card_acceptance_empirical_successor_control" name="test_external_launch_rejects_later_revocation_and_stale_watermark" file="tests\test_noncombat_card_acceptance_empirical_successor_control.py" line="2834" time="0.008" /><testcase classname="tests.test_noncombat_card_acceptance_empirical_successor_runtime" name="test_matched_bootstrap_copies_one_base_into_five_storage_disjoint_rankers" file="tests\test_noncombat_card_acceptance_empirical_successor_runtime.py" line="415" time="0.116" /><testcase classname="tests.test_noncombat_card_acceptance_empirical_successor_runtime" name="test_matched_bootstrap_forces_cpu_float32_despite_ambient_default_dtype" file="tests\test_noncombat_card_acceptance_empirical_successor_runtime.py" line="443" time="1.329" /><testcase classname="tests.test_noncombat_card_acceptance_empirical_successor_runtime" name="test_paired_bootstrap_checkpoint_is_canonical_and_restores_every_ranker_and_rng" file="tests\test_noncombat_card_acceptance_empirical_successor_runtime.py" line="461" time="6.672" /><testcase classname="tests.test_noncombat_card_acceptance_empirical_successor_runtime" name="test_runtime_metadata_independently_matches_control_and_is_mutation_safe" file="tests\test_noncombat_card_acceptance_empirical_successor_runtime.py" line="505" time="0.001" /><testcase classname="tests.test_noncombat_card_acceptance_empirical_successor_runtime" name="test_four_component_loss_uses_card_decision_mean_and_equal_family_entropy_mean" file="tests\test_noncombat_card_acceptance_empirical_successor_runtime.py" line="518" time="0.035" /><testcase classname="tests.test_noncombat_card_acceptance_empirical_successor_runtime" name="test_candidate_objective_components_have_exact_disjoint_head_gradients" file="tests\test_noncombat_card_acceptance_empirical_successor_runtime.py" line="585" time="0.098" /><testcase classname="tests.test_noncombat_card_acceptance_empirical_successor_runtime" name="test_control_family_and_conditional_terms_both_reach_one_shared_card_ranker" file="tests\test_noncombat_card_acceptance_empirical_successor_runtime.py" line="629" time="0.036" /><testcase classname="tests.test_noncombat_card_acceptance_empirical_successor_runtime" name="test_each_arm_has_one_exact_adam_group_and_replayable_moments" file="tests\test_noncombat_card_acceptance_empirical_successor_runtime.py" line="663" time="2.987" /><testcase classname="tests.test_noncombat_card_acceptance_empirical_successor_runtime" name="test_optimizer_state_rejects_type_option_and_parameter_order_drift" file="tests\test_noncombat_card_acceptance_empirical_successor_runtime.py" line="718" time="0.018" /><testcase classname="tests.test_noncombat_card_acceptance_empirical_successor_runtime" name="test_runtime_step_reconstructs_components_clips_globally_and_replays_moments" file="tests\test_noncombat_card_acceptance_empirical_successor_runtime.py" line="756" time="1.600" /><testcase classname="tests.test_noncombat_card_acceptance_empirical_successor_runtime" name="test_card_sampling_is_family_first_and_arm_generators_are_independent" file="tests\test_noncombat_card_acceptance_empirical_successor_runtime.py" line="816" time="0.018" /><testcase classname="tests.test_noncombat_card_acceptance_empirical_successor_runtime" name="test_unique_greedy_selection_rejects_family_or_conditional_ties" file="tests\test_noncombat_card_acceptance_empirical_successor_runtime.py" line="872" time="0.006" /><testcase classname="tests.test_noncombat_card_acceptance_empirical_successor_runtime" name="test_noncard_routing_uses_only_the_frozen_ranker_for_each_arm" file="tests\test_noncombat_card_acceptance_empirical_successor_runtime.py" line="905" time="0.027" /><testcase classname="tests.test_noncombat_card_acceptance_empirical_successor_runtime" name="test_arm_training_rollout_advances_only_the_category_owned_generator[card_reward-candidate_card-candidate_noncard]" file="tests\test_noncombat_card_acceptance_empirical_successor_runtime.py" line="945" time="1.101" /><testcase classname="tests.test_noncombat_card_acceptance_empirical_successor_runtime" name="test_arm_training_rollout_advances_only_the_category_owned_generator[route-candidate_noncard-candidate_card]" file="tests\test_noncombat_card_acceptance_empirical_successor_runtime.py" line="945" time="1.083" /><testcase classname="tests.test_noncombat_card_acceptance_empirical_successor_runtime" name="test_rollout_rejects_frozen_noncard_drift_before_environment_construction[requires_grad]" file="tests\test_noncombat_card_acceptance_empirical_successor_runtime.py" line="1030" time="0.421" /><testcase classname="tests.test_noncombat_card_acceptance_empirical_successor_runtime" name="test_rollout_rejects_frozen_noncard_drift_before_environment_construction[bytes]" file="tests\test_noncombat_card_acceptance_empirical_successor_runtime.py" line="1030" time="0.333" /><testcase classname="tests.test_noncombat_card_acceptance_empirical_successor_runtime" name="test_paired_training_rollout_uses_same_seed_fixed_arm_order_and_frozen_routing" file="tests\test_noncombat_card_acceptance_empirical_successor_runtime.py" line="1060" time="2.301" /><testcase classname="tests.test_noncombat_card_acceptance_empirical_successor_runtime" name="test_paired_frozen_evaluation_is_greedy_repeatable_and_state_immutable" file="tests\test_noncombat_card_acceptance_empirical_successor_runtime.py" line="1118" time="8.238" /><testcase classname="tests.test_noncombat_card_acceptance_empirical_successor_runtime" name="test_frozen_noncard_evaluation_rejects_raw_score_ties" file="tests\test_noncombat_card_acceptance_empirical_successor_runtime.py" line="1159" time="0.646" /><testcase classname="tests.test_noncombat_card_acceptance_empirical_successor_runtime" name="test_successor_resource_ledger_keeps_training_and_shadow_steps_distinct" file="tests\test_noncombat_card_acceptance_empirical_successor_runtime.py" line="1181" time="0.002" /><testcase classname="tests.test_noncombat_card_acceptance_empirical_successor_runtime" name="test_state_only_baseline_folding_is_fixed_float32_modulo_128" file="tests\test_noncombat_card_acceptance_empirical_successor_runtime.py" line="1211" time="0.022" /><testcase classname="tests.test_noncombat_card_acceptance_empirical_successor_runtime" name="test_paired_cross_fitted_baselines_are_arm_local_and_advantages_are_unscaled" file="tests\test_noncombat_card_acceptance_empirical_successor_runtime.py" line="1227" time="4.393" /><testcase classname="tests.test_noncombat_card_acceptance_empirical_successor_runtime" name="test_cross_fitted_baseline_rejects_incomplete_reordered_or_unsupported_pairs" file="tests\test_noncombat_card_acceptance_empirical_successor_runtime.py" line="1275" time="0.030" /><testcase classname="tests.test_noncombat_card_acceptance_empirical_successor_runtime" name="test_paired_chunk_update_applies_one_named_step_per_arm_and_preserves_frozen_state" file="tests\test_noncombat_card_acceptance_empirical_successor_runtime.py" line="1302" time="21.469" /><testcase classname="tests.test_noncombat_card_acceptance_empirical_successor_runtime" name="test_paired_chunk_validates_both_arms_before_the_candidate_step" file="tests\test_noncombat_card_acceptance_empirical_successor_runtime.py" line="1395" time="6.381" /><testcase classname="tests.test_noncombat_card_acceptance_empirical_successor_runtime" name="test_card_objective_rejects_a_zero_card_reward_chunk" file="tests\test_noncombat_card_acceptance_empirical_successor_runtime.py" line="1428" time="0.001" /><testcase classname="tests.test_noncombat_card_acceptance_empirical_successor_runtime" name="test_candidate_family_saturation_is_ineligible_before_four_complete_chunks" file="tests\test_noncombat_card_acceptance_empirical_successor_runtime.py" line="1484" time="0.002" /><testcase classname="tests.test_noncombat_card_acceptance_empirical_successor_runtime" name="test_candidate_family_saturation_first_triggers_at_exact_four_chunk_boundary" file="tests\test_noncombat_card_acceptance_empirical_successor_runtime.py" line="1501" time="0.001" /><testcase classname="tests.test_noncombat_card_acceptance_empirical_successor_runtime" name="test_candidate_family_saturation_allows_exact_eight_chunk_mixed_completion" file="tests\test_noncombat_card_acceptance_empirical_successor_runtime.py" line="1518" time="0.002" /><testcase classname="tests.test_noncombat_card_acceptance_empirical_successor_runtime" name="test_training_collection_uses_write_ahead_candidate_then_control_hooks" file="tests\test_noncombat_card_acceptance_empirical_successor_runtime.py" line="1537" time="9.048" /><testcase classname="tests.test_noncombat_card_acceptance_empirical_successor_runtime" name="test_exact_eight_chunk_coordinates_are_required_for_no_saturation_completion" file="tests\test_noncombat_card_acceptance_empirical_successor_runtime.py" line="1602" time="1.704" /><testcase classname="tests.test_noncombat_card_acceptance_empirical_successor_runtime" name="test_family_saturation_keeps_canary_and_holdout_zero_and_blocks_more_training" file="tests\test_noncombat_card_acceptance_empirical_successor_runtime.py" line="1627" time="1.742" /><testcase classname="tests.test_noncombat_card_acceptance_empirical_successor_runtime" name="test_canary_concentration_requires_both_balanced_64_denominators" file="tests\test_noncombat_card_acceptance_empirical_successor_runtime.py" line="1664" time="0.550" /><testcase classname="tests.test_noncombat_card_acceptance_empirical_successor_runtime" name="test_family_only_shadow_adam_changes_only_clone_family_state" file="tests\test_noncombat_card_acceptance_empirical_successor_runtime.py" line="1697" time="6.786" /><testcase classname="tests.test_noncombat_card_acceptance_empirical_successor_runtime" name="test_structural_canary_commits_first_outputs_before_exact_replay" file="tests\test_noncombat_card_acceptance_empirical_successor_runtime.py" line="1743" time="2.763" /><testcase classname="tests.test_noncombat_card_acceptance_empirical_successor_runtime" name="test_structural_canary_rejects_replay_drift_after_commitment" file="tests\test_noncombat_card_acceptance_empirical_successor_runtime.py" line="1842" time="0.954" /><testcase classname="tests.test_noncombat_card_acceptance_empirical_successor_runtime" name="test_structural_canary_concentration_failure_skips_shadow" file="tests\test_noncombat_card_acceptance_empirical_successor_runtime.py" line="1877" time="2.832" /><testcase classname="tests.test_noncombat_card_acceptance_empirical_successor_runtime" name="test_structural_canary_rejects_nonexact_schedule_before_environment[seeds0]" file="tests\test_noncombat_card_acceptance_empirical_successor_runtime.py" line="1922" time="0.437" /><testcase classname="tests.test_noncombat_card_acceptance_empirical_successor_runtime" name="test_structural_canary_rejects_nonexact_schedule_before_environment[seeds1]" file="tests\test_noncombat_card_acceptance_empirical_successor_runtime.py" line="1922" time="0.401" /><testcase classname="tests.test_noncombat_card_acceptance_empirical_successor_runtime" name="test_structural_canary_rejects_nonexact_schedule_before_environment[seeds2]" file="tests\test_noncombat_card_acceptance_empirical_successor_runtime.py" line="1922" time="0.456" /><testcase classname="tests.test_noncombat_card_acceptance_empirical_successor_runtime" name="test_holdout_bootstrap_uses_exact_seed_zero_draw_order_and_linear_quantiles" file="tests\test_noncombat_card_acceptance_empirical_successor_runtime.py" line="1948" time="8.251" /><testcase classname="tests.test_noncombat_card_acceptance_empirical_successor_runtime" name="test_holdout_outcome_truth_table_is_exhaustive_and_disjoint[2-1-0.1-greater-True-victory_and_floor_signal]" file="tests\test_noncombat_card_acceptance_empirical_successor_runtime.py" line="1979" time="0.002" /><testcase classname="tests.test_noncombat_card_acceptance_empirical_successor_runtime" name="test_holdout_outcome_truth_table_is_exhaustive_and_disjoint[1-1-0.1-equal-True-floor_only_signal]" file="tests\test_noncombat_card_acceptance_empirical_successor_runtime.py" line="1979" time="0.002" /><testcase classname="tests.test_noncombat_card_acceptance_empirical_successor_runtime" name="test_holdout_outcome_truth_table_is_exhaustive_and_disjoint[2-1-0.0-greater-False-inconclusive_signal]" file="tests\test_noncombat_card_acceptance_empirical_successor_runtime.py" line="1979" time="0.002" /><testcase classname="tests.test_noncombat_card_acceptance_empirical_successor_runtime" name="test_holdout_outcome_truth_table_is_exhaustive_and_disjoint[1-2-0.1-fewer-True-inconclusive_signal]" file="tests\test_noncombat_card_acceptance_empirical_successor_runtime.py" line="1979" time="0.002" /><testcase classname="tests.test_noncombat_card_acceptance_empirical_successor_runtime" name="test_holdout_outcome_truth_table_is_exhaustive_and_disjoint[1-1-0.0-equal-False-no_learning_signal]" file="tests\test_noncombat_card_acceptance_empirical_successor_runtime.py" line="1979" time="0.002" /><testcase classname="tests.test_noncombat_card_acceptance_empirical_successor_runtime" name="test_holdout_outcome_truth_table_is_exhaustive_and_disjoint[1-2--0.1-fewer-False-no_learning_signal]" file="tests\test_noncombat_card_acceptance_empirical_successor_runtime.py" line="1979" time="0.001" /><testcase classname="tests.test_noncombat_card_acceptance_empirical_successor_runtime" name="test_untouched_holdout_runs_each_arm_once_and_classifies_complete_evidence" file="tests\test_noncombat_card_acceptance_empirical_successor_runtime.py" line="2014" time="9.194" /><testcase classname="tests.test_noncombat_card_acceptance_empirical_successor_runtime" name="test_untouched_holdout_separates_concentration_failure_from_outcome" file="tests\test_noncombat_card_acceptance_empirical_successor_runtime.py" line="2065" time="3.749" /><testcase classname="tests.test_noncombat_card_acceptance_empirical_successor_runtime" name="test_holdout_rejects_missing_or_failed_canary_before_environment[None]" file="tests\test_noncombat_card_acceptance_empirical_successor_runtime.py" line="2094" time="0.382" /><testcase classname="tests.test_noncombat_card_acceptance_empirical_successor_runtime" name="test_holdout_rejects_missing_or_failed_canary_before_environment[verified_canary1]" file="tests\test_noncombat_card_acceptance_empirical_successor_runtime.py" line="2094" time="0.372" /><testcase classname="tests.test_noncombat_card_acceptance_empirical_successor_runtime" name="test_holdout_rejects_missing_or_failed_canary_before_environment[verified_canary2]" file="tests\test_noncombat_card_acceptance_empirical_successor_runtime.py" line="2094" time="0.385" /><testcase classname="tests.test_noncombat_card_acceptance_empirical_successor_runtime" name="test_holdout_rejects_nonexact_schedule_before_environment[seeds0]" file="tests\test_noncombat_card_acceptance_empirical_successor_runtime.py" line="2127" time="0.370" /><testcase classname="tests.test_noncombat_card_acceptance_empirical_successor_runtime" name="test_holdout_rejects_nonexact_schedule_before_environment[seeds1]" file="tests\test_noncombat_card_acceptance_empirical_successor_runtime.py" line="2127" time="0.361" /><testcase classname="tests.test_noncombat_card_acceptance_empirical_successor_runtime" name="test_holdout_rejects_nonexact_schedule_before_environment[seeds2]" file="tests\test_noncombat_card_acceptance_empirical_successor_runtime.py" line="2127" time="0.357" /><testcase classname="tests.test_noncombat_card_acceptance_empirical_successor_seed_inventory" name="test_build_inventory_publishes_exact_fresh_disjoint_cohorts" file="tests\test_noncombat_card_acceptance_empirical_successor_seed_inventory.py" line="215" time="1.448" /><testcase classname="tests.test_noncombat_card_acceptance_empirical_successor_seed_inventory" name="test_started_receipt_persists_and_blocks_retry_after_source_failure" file="tests\test_noncombat_card_acceptance_empirical_successor_seed_inventory.py" line="290" time="1.653" /><testcase classname="tests.test_noncombat_card_acceptance_empirical_successor_seed_inventory" name="test_partial_started_receipt_blocks_before_source_discovery[empty]" file="tests\test_noncombat_card_acceptance_empirical_successor_seed_inventory.py" line="367" time="1.496" /><testcase classname="tests.test_noncombat_card_acceptance_empirical_successor_seed_inventory" name="test_partial_started_receipt_blocks_before_source_discovery[truncated]" file="tests\test_noncombat_card_acceptance_empirical_successor_seed_inventory.py" line="367" time="1.660" /><testcase classname="tests.test_noncombat_card_acceptance_empirical_successor_seed_inventory" name="test_partial_started_receipt_blocks_before_source_discovery[invalid-canonical]" file="tests\test_noncombat_card_acceptance_empirical_successor_seed_inventory.py" line="367" time="1.565" /><testcase classname="tests.test_noncombat_card_acceptance_empirical_successor_seed_inventory" name="test_competing_started_receipt_writer_wins_without_source_discovery" file="tests\test_noncombat_card_acceptance_empirical_successor_seed_inventory.py" line="407" time="1.292" /><testcase classname="tests.test_noncombat_card_acceptance_empirical_successor_seed_inventory" name="test_prestart_authority_failure_creates_no_started_receipt" file="tests\test_noncombat_card_acceptance_empirical_successor_seed_inventory.py" line="455" time="0.728" /><testcase classname="tests.test_noncombat_card_acceptance_empirical_successor_seed_inventory" name="test_build_inventory_accepts_pushed_publication_descendant" file="tests\test_noncombat_card_acceptance_empirical_successor_seed_inventory.py" line="495" time="1.811" /><testcase classname="tests.test_noncombat_card_acceptance_empirical_successor_seed_inventory" name="test_build_inventory_rejects_source_drift_in_pushed_descendant" file="tests\test_noncombat_card_acceptance_empirical_successor_seed_inventory.py" line="522" time="1.652" /><testcase classname="tests.test_noncombat_card_acceptance_empirical_successor_seed_inventory" name="test_build_inventory_rejects_unpushed_head_before_discovery" file="tests\test_noncombat_card_acceptance_empirical_successor_seed_inventory.py" line="566" time="1.431" /><testcase classname="tests.test_noncombat_card_acceptance_empirical_successor_seed_inventory" name="test_build_inventory_rejects_source_commit_outside_pushed_ancestry" file="tests\test_noncombat_card_acceptance_empirical_successor_seed_inventory.py" line="600" time="1.602" /><testcase classname="tests.test_noncombat_card_acceptance_empirical_successor_seed_inventory" name="test_historical_exclusion_roles_include_failed_and_untouched_reservations" file="tests\test_noncombat_card_acceptance_empirical_successor_seed_inventory.py" line="636" time="1.825" /><testcase classname="tests.test_noncombat_card_acceptance_empirical_successor_seed_inventory" name="test_generated_roots_are_excluded_before_blob_loading_and_recursion" file="tests\test_noncombat_card_acceptance_empirical_successor_seed_inventory.py" line="681" time="1.497" /><testcase classname="tests.test_noncombat_card_acceptance_empirical_successor_seed_inventory" name="test_exact_readiness_staging_path_is_excluded_before_blob_request" file="tests\test_noncombat_card_acceptance_empirical_successor_seed_inventory.py" line="782" time="0.006" /><testcase classname="tests.test_noncombat_card_acceptance_empirical_successor_seed_inventory" name="test_generated_root_tokens_in_ordinary_paths_remain_eligible" file="tests\test_noncombat_card_acceptance_empirical_successor_seed_inventory.py" line="819" time="1.310" /><testcase classname="tests.test_noncombat_card_acceptance_empirical_successor_seed_inventory" name="test_malformed_ordinary_generated_token_path_still_fails_closed" file="tests\test_noncombat_card_acceptance_empirical_successor_seed_inventory.py" line="864" time="1.256" /><testcase classname="tests.test_noncombat_card_acceptance_empirical_successor_seed_inventory" name="test_verify_inventory_reconstructs_without_selector_or_materializer" file="tests\test_noncombat_card_acceptance_empirical_successor_seed_inventory.py" line="883" time="1.763" /><testcase classname="tests.test_noncombat_card_acceptance_empirical_successor_seed_inventory" name="test_inventory_authority_fails_before_source_discovery" file="tests\test_noncombat_card_acceptance_empirical_successor_seed_inventory.py" line="926" time="0.677" /><testcase classname="tests.test_noncombat_card_acceptance_empirical_successor_seed_inventory" name="test_inventory_launch_and_source_qualification_fail_before_discovery" file="tests\test_noncombat_card_acceptance_empirical_successor_seed_inventory.py" line="976" time="1.057" /><testcase classname="tests.test_noncombat_card_acceptance_empirical_successor_seed_inventory" name="test_inventory_is_write_once_and_rejects_mutated_materialized_bytes" file="tests\test_noncombat_card_acceptance_empirical_successor_seed_inventory.py" line="1028" time="2.031" /><testcase classname="tests.test_noncombat_card_acceptance_empirical_successor_seed_inventory" name="test_verify_inventory_rejects_rehashed_build_launch_substitution" file="tests\test_noncombat_card_acceptance_empirical_successor_seed_inventory.py" line="1067" time="1.670" /><testcase classname="tests.test_noncombat_card_acceptance_empirical_successor_seed_inventory" name="test_inventory_validation_rejects_unknown_fields" file="tests\test_noncombat_card_acceptance_empirical_successor_seed_inventory.py" line="1102" time="1.180" /><testcase classname="tests.test_noncombat_card_acceptance_empirical_successor_seed_inventory" name="test_inventory_cli_requires_and_forwards_approval_and_launch" file="tests\test_noncombat_card_acceptance_empirical_successor_seed_inventory.py" line="1123" time="0.036" /><testcase classname="tests.test_noncombat_card_acceptance_empirical_successor_seed_inventory" name="test_isolated_dispatch_check_is_canonical_and_deterministic" file="tests\test_noncombat_card_acceptance_empirical_successor_seed_inventory.py" line="1178" time="0.549" /><testcase classname="tests.test_noncombat_card_acceptance_empirical_successor_seed_inventory" name="test_dispatch_evidence_has_no_inventory_lifecycle_side_effects" file="tests\test_noncombat_card_acceptance_empirical_successor_seed_inventory.py" line="1226" time="0.008" /><testcase classname="tests.test_noncombat_card_acceptance_empirical_successor_seed_inventory" name="test_dispatch_evidence_requires_isolated_mode" file="tests\test_noncombat_card_acceptance_empirical_successor_seed_inventory.py" line="1284" time="0.004" /><testcase classname="tests.test_noncombat_card_acceptance_empirical_successor_seed_inventory" name="test_dispatch_evidence_rejects_control_module_path_drift" file="tests\test_noncombat_card_acceptance_empirical_successor_seed_inventory.py" line="1291" time="0.009" /><testcase classname="tests.test_noncombat_card_acceptance_empirical_successor_verifier" name="test_independent_verifier_reconstructs_terminal_lifecycle_bundle" file="tests\test_noncombat_card_acceptance_empirical_successor_verifier.py" line="115" time="0.356" /><testcase classname="tests.test_noncombat_card_acceptance_empirical_successor_verifier" name="test_independent_verifier_rejects_manifested_artifact_drift" file="tests\test_noncombat_card_acceptance_empirical_successor_verifier.py" line="135" time="0.212" /><testcase classname="tests.test_noncombat_card_acceptance_empirical_successor_verifier" name="test_independent_verifier_rejects_live_or_wrong_lease_owner" file="tests\test_noncombat_card_acceptance_empirical_successor_verifier.py" line="151" time="0.203" /><testcase classname="tests.test_noncombat_card_acceptance_empirical_successor_verifier" name="test_independent_lifecycle_verifier_fail_closed_matrix[truncation]" file="tests\test_noncombat_card_acceptance_empirical_successor_verifier.py" line="179" time="0.217" /><testcase classname="tests.test_noncombat_card_acceptance_empirical_successor_verifier" name="test_independent_lifecycle_verifier_fail_closed_matrix[unknown_field]" file="tests\test_noncombat_card_acceptance_empirical_successor_verifier.py" line="179" time="0.212" /><testcase classname="tests.test_noncombat_card_acceptance_empirical_successor_verifier" name="test_independent_lifecycle_verifier_fail_closed_matrix[wrong_order]" file="tests\test_noncombat_card_acceptance_empirical_successor_verifier.py" line="179" time="0.229" /><testcase classname="tests.test_noncombat_card_acceptance_empirical_successor_verifier" name="test_independent_lifecycle_verifier_fail_closed_matrix[wrong_digest]" file="tests\test_noncombat_card_acceptance_empirical_successor_verifier.py" line="179" time="0.244" /><testcase classname="tests.test_noncombat_card_acceptance_empirical_successor_verifier" name="test_independent_lifecycle_verifier_fail_closed_matrix[wrong_stage]" file="tests\test_noncombat_card_acceptance_empirical_successor_verifier.py" line="179" time="0.185" /><testcase classname="tests.test_noncombat_card_acceptance_empirical_successor_verifier" name="test_independent_lifecycle_verifier_fail_closed_matrix[byte_ceiling]" file="tests\test_noncombat_card_acceptance_empirical_successor_verifier.py" line="179" time="0.206" /><testcase classname="tests.test_noncombat_card_acceptance_empirical_successor_verifier" name="test_independent_lifecycle_verifier_fail_closed_matrix[elapsed_charge]" file="tests\test_noncombat_card_acceptance_empirical_successor_verifier.py" line="179" time="0.212" /><testcase classname="tests.test_noncombat_card_acceptance_empirical_successor_verifier" name="test_independent_lifecycle_verifier_fail_closed_matrix[publication_order]" file="tests\test_noncombat_card_acceptance_empirical_successor_verifier.py" line="179" time="0.209" /><testcase classname="tests.test_noncombat_card_acceptance_empirical_successor_verifier" name="test_independent_verifier_reconstructs_matched_bootstrap_without_torch" file="tests\test_noncombat_card_acceptance_empirical_successor_verifier.py" line="246" time="4.427" /><testcase classname="tests.test_noncombat_card_acceptance_empirical_successor_verifier" name="test_independent_bootstrap_verifier_rejects_mapping_or_state_drift" file="tests\test_noncombat_card_acceptance_empirical_successor_verifier.py" line="267" time="5.290" /><testcase classname="tests.test_noncombat_card_acceptance_empirical_successor_verifier" name="test_independent_verifier_reconstructs_training_checkpoint_and_frozen_bytes" file="tests\test_noncombat_card_acceptance_empirical_successor_verifier.py" line="317" time="18.204" /><testcase classname="tests.test_noncombat_card_acceptance_empirical_successor_verifier" name="test_independent_checkpoint_verifier_rejects_frozen_state_drift" file="tests\test_noncombat_card_acceptance_empirical_successor_verifier.py" line="339" time="12.209" /><testcase classname="tests.test_noncombat_card_acceptance_empirical_successor_verifier" name="test_independent_verifier_reconstructs_canary_outputs_chain_and_replays" file="tests\test_noncombat_card_acceptance_empirical_successor_verifier.py" line="539" time="4.385" /><testcase classname="tests.test_noncombat_card_acceptance_empirical_successor_verifier" name="test_independent_canary_verifier_rejects_replay_or_artifact_drift" file="tests\test_noncombat_card_acceptance_empirical_successor_verifier.py" line="563" time="1.760" /><testcase classname="tests.test_noncombat_card_acceptance_empirical_successor_verifier" name="test_independent_verifier_reconstructs_holdout_bootstrap_and_outcome" file="tests\test_noncombat_card_acceptance_empirical_successor_verifier.py" line="652" time="8.621" /><testcase classname="tests.test_noncombat_card_acceptance_empirical_successor_verifier" name="test_independent_holdout_verifier_rejects_pair_or_outcome_drift" file="tests\test_noncombat_card_acceptance_empirical_successor_verifier.py" line="672" time="4.192" /><testcase classname="tests.test_noncombat_card_acceptance_empirical_successor_verifier" name="test_independent_verifier_reconstructs_objective_gradients_and_adam" file="tests\test_noncombat_card_acceptance_empirical_successor_verifier.py" line="783" time="0.002" /><testcase classname="tests.test_noncombat_card_acceptance_empirical_successor_verifier" name="test_independent_optimizer_verifier_rejects_gradient_or_adam_drift" file="tests\test_noncombat_card_acceptance_empirical_successor_verifier.py" line="796" time="0.002" /><testcase classname="tests.test_noncombat_card_acceptance_empirical_successor_verifier" name="test_independent_verifier_reconstructs_cross_fitted_advantages" file="tests\test_noncombat_card_acceptance_empirical_successor_verifier.py" line="878" time="0.023" /><testcase classname="tests.test_noncombat_card_acceptance_empirical_successor_verifier" name="test_independent_cross_fitted_verifier_rejects_fold_or_advantage_drift" file="tests\test_noncombat_card_acceptance_empirical_successor_verifier.py" line="893" time="0.008" /><testcase classname="tests.test_noncombat_card_acceptance_empirical_successor_verifier" name="test_independent_cross_fitted_verifier_rejects_forged_normal_equation" file="tests\test_noncombat_card_acceptance_empirical_successor_verifier.py" line="902" time="0.023" /><testcase classname="tests.test_noncombat_card_acceptance_empirical_successor_verifier" name="test_independent_verifier_reobserves_rollback_and_production_isolation" file="tests\test_noncombat_card_acceptance_empirical_successor_verifier.py" line="1006" time="0.051" /><testcase classname="tests.test_noncombat_card_acceptance_empirical_successor_verifier" name="test_independent_verifier_accepts_four_normal_holdout_closeouts[victory_and_floor_signal]" file="tests\test_noncombat_card_acceptance_empirical_successor_verifier.py" line="1030" time="0.047" /><testcase classname="tests.test_noncombat_card_acceptance_empirical_successor_verifier" name="test_independent_verifier_accepts_four_normal_holdout_closeouts[floor_only_signal]" file="tests\test_noncombat_card_acceptance_empirical_successor_verifier.py" line="1030" time="0.048" /><testcase classname="tests.test_noncombat_card_acceptance_empirical_successor_verifier" name="test_independent_verifier_accepts_four_normal_holdout_closeouts[victory_only_signal]" file="tests\test_noncombat_card_acceptance_empirical_successor_verifier.py" line="1030" time="0.048" /><testcase classname="tests.test_noncombat_card_acceptance_empirical_successor_verifier" name="test_independent_verifier_accepts_four_normal_holdout_closeouts[no_learning_signal]" file="tests\test_noncombat_card_acceptance_empirical_successor_verifier.py" line="1030" time="0.060" /><testcase classname="tests.test_noncombat_card_acceptance_empirical_successor_verifier" name="test_independent_rollback_verifier_rejects_rebound_failure_precedence" file="tests\test_noncombat_card_acceptance_empirical_successor_verifier.py" line="1061" time="0.066" /><testcase classname="tests.test_noncombat_card_acceptance_empirical_successor_verifier" name="test_independent_rollback_verifier_rejects_postpublication_drift[production]" file="tests\test_noncombat_card_acceptance_empirical_successor_verifier.py" line="1087" time="0.074" /><testcase classname="tests.test_noncombat_card_acceptance_empirical_successor_verifier" name="test_independent_rollback_verifier_rejects_postpublication_drift[target]" file="tests\test_noncombat_card_acceptance_empirical_successor_verifier.py" line="1087" time="0.038" /><testcase classname="tests.test_noncombat_card_acceptance_empirical_successor_verifier" name="test_independent_verifier_reconstructs_fixed_seed_inventory" file="tests\test_noncombat_card_acceptance_empirical_successor_verifier.py" line="1404" time="0.009" /><testcase classname="tests.test_noncombat_card_acceptance_empirical_successor_verifier" name="test_independent_verifier_reconstructs_external_inventory_authority" file="tests\test_noncombat_card_acceptance_empirical_successor_verifier.py" line="1419" time="0.010" /><testcase classname="tests.test_noncombat_card_acceptance_empirical_successor_verifier" name="test_independent_inventory_verifier_rejects_nonfresh_cohort" file="tests\test_noncombat_card_acceptance_empirical_successor_verifier.py" line="1426" time="0.009" /><testcase classname="tests.test_noncombat_card_acceptance_empirical_successor_verifier" name="test_independent_inventory_verifier_rejects_rehashed_authority_substitution[launch_authority_sha256-launch|authority]" file="tests\test_noncombat_card_acceptance_empirical_successor_verifier.py" line="1435" time="0.008" /><testcase classname="tests.test_noncombat_card_acceptance_empirical_successor_verifier" name="test_independent_inventory_verifier_rejects_rehashed_authority_substitution[source_inventory_sha256-source inventory|source]" file="tests\test_noncombat_card_acceptance_empirical_successor_verifier.py" line="1435" time="0.007" /><testcase classname="tests.test_noncombat_card_acceptance_empirical_successor_verifier" name="test_independent_inventory_verifier_rejects_rehashed_authority_semantics[standing_scope-scope|delegation|request class]" file="tests\test_noncombat_card_acceptance_empirical_successor_verifier.py" line="1577" time="0.007" /><testcase classname="tests.test_noncombat_card_acceptance_empirical_successor_verifier" name="test_independent_inventory_verifier_rejects_rehashed_authority_semantics[changed_grant-grant|provenance]" file="tests\test_noncombat_card_acceptance_empirical_successor_verifier.py" line="1577" time="0.006" /><testcase classname="tests.test_noncombat_card_acceptance_empirical_successor_verifier" name="test_independent_inventory_verifier_rejects_rehashed_authority_semantics[launch_task-task|provenance|watermark]" file="tests\test_noncombat_card_acceptance_empirical_successor_verifier.py" line="1577" time="0.006" /><testcase classname="tests.test_noncombat_card_acceptance_empirical_successor_verifier" name="test_independent_inventory_verifier_rejects_rehashed_authority_semantics[blank_grant-grant|nonempty|text]" file="tests\test_noncombat_card_acceptance_empirical_successor_verifier.py" line="1577" time="0.008" /><testcase classname="tests.test_noncombat_card_acceptance_empirical_successor_verifier" name="test_independent_inventory_verifier_rejects_rehashed_authority_semantics[nul_grant-grant|nonempty|text]" file="tests\test_noncombat_card_acceptance_empirical_successor_verifier.py" line="1577" time="0.006" /><testcase classname="tests.test_noncombat_card_acceptance_empirical_successor_verifier" name="test_independent_inventory_verifier_rejects_rehashed_authority_semantics[blank_task-task|provenance|nonempty]" file="tests\test_noncombat_card_acceptance_empirical_successor_verifier.py" line="1577" time="0.006" /><testcase classname="tests.test_noncombat_card_acceptance_empirical_successor_verifier" name="test_independent_inventory_verifier_rejects_rehashed_authority_semantics[blank_message_id-message|provenance|nonempty]" file="tests\test_noncombat_card_acceptance_empirical_successor_verifier.py" line="1577" time="0.006" /><testcase classname="tests.test_noncombat_card_acceptance_empirical_successor_verifier" name="test_independent_inventory_verifier_rejects_rehashed_external_semantics[bound_terms-bound|provenance|request]" file="tests\test_noncombat_card_acceptance_empirical_successor_verifier.py" line="1636" time="0.008" /><testcase classname="tests.test_noncombat_card_acceptance_empirical_successor_verifier" name="test_independent_inventory_verifier_rejects_rehashed_external_semantics[publication_order-ordering|publication|approval]" file="tests\test_noncombat_card_acceptance_empirical_successor_verifier.py" line="1636" time="0.009" /><testcase classname="tests.test_noncombat_card_acceptance_empirical_successor_verifier" name="test_independent_inventory_verifier_rejects_rehashed_fixed_request[resources-resource|request]" file="tests\test_noncombat_card_acceptance_empirical_successor_verifier.py" line="1661" time="0.007" /><testcase classname="tests.test_noncombat_card_acceptance_empirical_successor_verifier" name="test_independent_inventory_verifier_rejects_rehashed_fixed_request[exclusions-exclusion|request]" file="tests\test_noncombat_card_acceptance_empirical_successor_verifier.py" line="1661" time="0.007" /><testcase classname="tests.test_noncombat_card_acceptance_empirical_successor_verifier" name="test_independent_inventory_verifier_rejects_rehashed_fixed_request[configuration-configuration|request]" file="tests\test_noncombat_card_acceptance_empirical_successor_verifier.py" line="1661" time="0.009" /><testcase classname="tests.test_noncombat_card_acceptance_empirical_successor_verifier" name="test_independent_inventory_verifier_rejects_rehashed_external_request" file="tests\test_noncombat_card_acceptance_empirical_successor_verifier.py" line="1693" time="0.010" /><testcase classname="tests.test_noncombat_card_acceptance_objective" name="test_objective_metadata_signature_and_output_fields_are_exact" file="tests\test_noncombat_card_acceptance_objective.py" line="72" time="0.001" /><testcase classname="tests.test_noncombat_card_acceptance_objective" name="test_explicit_family_and_conditional_probabilities_are_aligned" file="tests\test_noncombat_card_acceptance_objective.py" line="182" time="0.003" /><testcase classname="tests.test_noncombat_card_acceptance_objective" name="test_acceptance_selected_terms_and_entropy_identity_are_exact" file="tests\test_noncombat_card_acceptance_objective.py" line="214" time="0.002" /><testcase classname="tests.test_noncombat_card_acceptance_objective" name="test_greedy_sets_are_complete_for_three_family_and_conditional_ties" file="tests\test_noncombat_card_acceptance_objective.py" line="260" time="0.002" /><testcase classname="tests.test_noncombat_card_acceptance_objective" name="test_candidate_permutation_preserves_values_by_action_identity" file="tests\test_noncombat_card_acceptance_objective.py" line="285" time="0.003" /><testcase classname="tests.test_noncombat_card_acceptance_objective" name="test_family_and_conditional_coordinates_are_independent" file="tests\test_noncombat_card_acceptance_objective.py" line="323" time="0.004" /><testcase classname="tests.test_noncombat_card_acceptance_objective" name="test_take_only_fallback_keeps_conditional_policy_live" file="tests\test_noncombat_card_acceptance_objective.py" line="352" time="0.001" /><testcase classname="tests.test_noncombat_card_acceptance_objective" name="test_objective_boundary_fails_closed[family_logits0-conditional_logits0-candidates0-take-shop-category]" file="tests\test_noncombat_card_acceptance_objective.py" line="372" time="0.002" /><testcase classname="tests.test_noncombat_card_acceptance_objective" name="test_objective_boundary_fails_closed[family_logits1-conditional_logits1-candidates1-take-card_reward-float32]" file="tests\test_noncombat_card_acceptance_objective.py" line="372" time="0.002" /><testcase classname="tests.test_noncombat_card_acceptance_objective" name="test_objective_boundary_fails_closed[family_logits2-conditional_logits2-candidates2-take-card_reward-float32]" file="tests\test_noncombat_card_acceptance_objective.py" line="372" time="0.001" /><testcase classname="tests.test_noncombat_card_acceptance_objective" name="test_objective_boundary_fails_closed[family_logits3-conditional_logits3-candidates3-skip-card_reward-take]" file="tests\test_noncombat_card_acceptance_objective.py" line="372" time="0.001" /><testcase classname="tests.test_noncombat_card_acceptance_objective" name="test_objective_boundary_fails_closed[family_logits4-conditional_logits4-candidates4-take-card_reward-family_logits]" file="tests\test_noncombat_card_acceptance_objective.py" line="372" time="0.001" /><testcase classname="tests.test_noncombat_card_acceptance_objective" name="test_objective_boundary_fails_closed[family_logits5-conditional_logits5-candidates5-take-card_reward-finite]" file="tests\test_noncombat_card_acceptance_objective.py" line="372" time="0.001" /><testcase classname="tests.test_noncombat_card_acceptance_objective" name="test_objective_boundary_fails_closed[family_logits6-conditional_logits6-candidates6-missing-card_reward-selected_action_id]" file="tests\test_noncombat_card_acceptance_objective.py" line="372" time="0.001" /><testcase classname="tests.test_noncombat_card_acceptance_objective" name="test_opposite_float32_limits_keep_all_terms_and_gradients_finite" file="tests\test_noncombat_card_acceptance_objective.py" line="397" time="0.003" /><testcase classname="tests.test_noncombat_card_acceptance_objective" name="test_selected_policy_and_per_family_entropy_gradient_ownership_is_exact" file="tests\test_noncombat_card_acceptance_objective.py" line="463" time="0.005" /><testcase classname="tests.test_noncombat_card_acceptance_objective" name="test_named_component_gradients_reconstruct_and_expected_entropy_is_cross_head" file="tests\test_noncombat_card_acceptance_objective.py" line="487" time="0.005" /><testcase classname="tests.test_noncombat_card_acceptance_objective" name="test_report_schema_values_authority_and_future_entry_are_exact" file="tests\test_noncombat_card_acceptance_objective.py" line="521" time="0.013" /><testcase classname="tests.test_noncombat_card_acceptance_objective" name="test_report_executes_every_registered_fixture_and_preserves_rng" file="tests\test_noncombat_card_acceptance_objective.py" line="686" time="0.015" /><testcase classname="tests.test_noncombat_card_acceptance_objective" name="test_report_rendering_is_canonical_deterministic_and_bounded" file="tests\test_noncombat_card_acceptance_objective.py" line="743" time="0.047" /><testcase classname="tests.test_noncombat_card_acceptance_objective" name="test_modules_expose_no_loss_coefficient_optimizer_or_update_api" file="tests\test_noncombat_card_acceptance_objective.py" line="769" time="0.001" /><testcase classname="tests.test_noncombat_card_acceptance_policy" name="test_policy_metadata_and_instance_metadata_are_exact" file="tests\test_noncombat_card_acceptance_policy.py" line="50" time="0.001" /><testcase classname="tests.test_noncombat_card_acceptance_policy" name="test_public_signatures_and_ordered_outputs_are_exact" file="tests\test_noncombat_card_acceptance_policy.py" line="79" time="0.001" /><testcase classname="tests.test_noncombat_card_acceptance_policy" name="test_family_features_keep_exact_families_and_use_float64_mean" file="tests\test_noncombat_card_acceptance_policy.py" line="169" time="0.001" /><testcase classname="tests.test_noncombat_card_acceptance_policy" name="test_family_features_are_permutation_invariant_by_identity" file="tests\test_noncombat_card_acceptance_policy.py" line="187" time="0.002" /><testcase classname="tests.test_noncombat_card_acceptance_policy" name="test_family_feature_extremes_do_not_overflow_float32_accumulation[3.4028234663852886e+38]" file="tests\test_noncombat_card_acceptance_policy.py" line="205" time="0.001" /><testcase classname="tests.test_noncombat_card_acceptance_policy" name="test_family_feature_extremes_do_not_overflow_float32_accumulation[-3.4028234663852886e+38]" file="tests\test_noncombat_card_acceptance_policy.py" line="205" time="0.001" /><testcase classname="tests.test_noncombat_card_acceptance_policy" name="test_policy_owns_two_nonaliased_rankers_and_stable_namespaces" file="tests\test_noncombat_card_acceptance_policy.py" line="221" time="0.002" /><testcase classname="tests.test_noncombat_card_acceptance_policy" name="test_policy_forward_preserves_action_alignment_and_explicit_acceptance" file="tests\test_noncombat_card_acceptance_policy.py" line="238" time="0.003" /><testcase classname="tests.test_noncombat_card_acceptance_policy" name="test_policy_forward_is_permutation_stable_by_action_and_family_identity" file="tests\test_noncombat_card_acceptance_policy.py" line="262" time="0.005" /><testcase classname="tests.test_noncombat_card_acceptance_policy" name="test_take_only_policy_marks_acceptance_inactive" file="tests\test_noncombat_card_acceptance_policy.py" line="303" time="0.003" /><testcase classname="tests.test_noncombat_card_acceptance_policy" name="test_family_feature_boundary_fails_closed[features0-candidates0-shop-category]" file="tests\test_noncombat_card_acceptance_policy.py" line="317" time="0.002" /><testcase classname="tests.test_noncombat_card_acceptance_policy" name="test_family_feature_boundary_fails_closed[features1-candidates1-card_reward-take]" file="tests\test_noncombat_card_acceptance_policy.py" line="317" time="0.002" /><testcase classname="tests.test_noncombat_card_acceptance_policy" name="test_family_feature_boundary_fails_closed[features2-candidates2-card_reward-duplicate]" file="tests\test_noncombat_card_acceptance_policy.py" line="317" time="0.002" /><testcase classname="tests.test_noncombat_card_acceptance_policy" name="test_family_feature_boundary_fails_closed[features3-candidates3-card_reward-kind]" file="tests\test_noncombat_card_acceptance_policy.py" line="317" time="0.002" /><testcase classname="tests.test_noncombat_card_acceptance_policy" name="test_family_feature_boundary_fails_closed[features4-candidates4-card_reward-float32]" file="tests\test_noncombat_card_acceptance_policy.py" line="317" time="0.002" /><testcase classname="tests.test_noncombat_card_acceptance_policy" name="test_family_feature_boundary_fails_closed[features5-candidates5-card_reward-rank 2]" file="tests\test_noncombat_card_acceptance_policy.py" line="317" time="0.002" /><testcase classname="tests.test_noncombat_card_acceptance_policy" name="test_family_feature_boundary_fails_closed[features6-candidates6-card_reward-align]" file="tests\test_noncombat_card_acceptance_policy.py" line="317" time="0.002" /><testcase classname="tests.test_noncombat_card_acceptance_policy" name="test_family_feature_boundary_fails_closed[features7-candidates7-card_reward-finite]" file="tests\test_noncombat_card_acceptance_policy.py" line="317" time="0.002" /><testcase classname="tests.test_noncombat_card_acceptance_policy" name="test_policy_forward_reuses_ranker_tensor_validation" file="tests\test_noncombat_card_acceptance_policy.py" line="335" time="0.003" /><testcase classname="tests.test_noncombat_card_acceptance_policy" name="test_fresh_import_avoids_every_prohibited_transitive_module" file="tests\test_noncombat_card_acceptance_policy.py" line="346" time="5.019" /><testcase classname="tests.test_noncombat_card_acceptance_policy" name="test_legacy_imports_do_not_load_the_new_capability" file="tests\test_noncombat_card_acceptance_policy.py" line="375" time="5.333" /></testsuite></testsuites>